<?xml version="1.0" encoding="UTF-8"?>
<!-- Generated by org.testng.reporters.JUnitReportReporter -->
<testsuite skipped="0" hostname="DESKTOP-5E10581" name="getRequest.GetDataAdvance" tests="2" failures="0" timestamp="24 Feb 2020 21:08:05 GMT" time="7.266" errors="0">
  <testcase name="testResponseCode" time="1.965" classname="getRequest.GetDataAdvance"/>
  <testcase name="testBody" time="5.301" classname="getRequest.GetDataAdvance"/>
</testsuite> <!-- getRequest.GetDataAdvance -->
